0 info it worked if it ends with ok
1 verbose cli [ 'C:\\Program Files\\nodejs\\node.exe',
1 verbose cli   'C:\\Program Files\\nodejs\\node_modules\\npm\\bin\\npm-cli.js',
1 verbose cli   'install',
1 verbose cli   '-',
1 verbose cli   'g',
1 verbose cli   'wallaby' ]
2 info using npm@3.6.0
3 info using node@v5.6.0
4 silly loadCurrentTree Starting
5 silly install loadCurrentTree
6 silly install readLocalPackageData
7 silly fetchPackageMetaData -
8 silly fetchPackageMetaData g
9 silly fetchPackageMetaData wallaby
10 silly fetchOtherPackageData -
11 silly cache add args [ '-', null ]
12 verbose cache add spec -
13 silly fetchNamedPackageData g
14 silly mapToRegistry name g
15 silly mapToRegistry using default registry
16 silly mapToRegistry registry https://registry.npmjs.org/
17 silly mapToRegistry uri https://registry.npmjs.org/g
18 silly fetchNamedPackageData wallaby
19 silly mapToRegistry name wallaby
20 silly mapToRegistry using default registry
21 silly mapToRegistry registry https://registry.npmjs.org/
22 silly mapToRegistry uri https://registry.npmjs.org/wallaby
23 silly cache add parsed spec Result {
23 silly cache add   raw: '-',
23 silly cache add   scope: null,
23 silly cache add   name: null,
23 silly cache add   rawSpec: '-',
23 silly cache add   spec: 'C:\\Projects\\chimichanga\\-',
23 silly cache add   type: 'local' }
24 verbose request uri https://registry.npmjs.org/g
25 verbose request no auth needed
26 info attempt registry request try #1 at 5:45:24 PM
27 verbose request id e2ed9f05933d6880
28 http request GET https://registry.npmjs.org/g
29 verbose request uri https://registry.npmjs.org/wallaby
30 verbose request no auth needed
31 info attempt registry request try #1 at 5:45:24 PM
32 http request GET https://registry.npmjs.org/wallaby
33 error addLocal Could not install C:\Projects\chimichanga\-
34 silly fetchPackageMetaData Error: ENOENT: no such file or directory, open 'C:\Projects\chimichanga\-'
34 silly fetchPackageMetaData     at Error (native)
34 silly fetchPackageMetaData  error for - { [Error: ENOENT: no such file or directory, open 'C:\Projects\chimichanga\-']
34 silly fetchPackageMetaData   errno: -4058,
34 silly fetchPackageMetaData   code: 'ENOENT',
34 silly fetchPackageMetaData   syscall: 'open',
34 silly fetchPackageMetaData   path: 'C:\\Projects\\chimichanga\\-' }
35 http 404 https://registry.npmjs.org/wallaby
36 verbose headers { 'content-type': 'application/json',
36 verbose headers   'cache-control': 'max-age=0',
36 verbose headers   'content-length': '2',
36 verbose headers   'accept-ranges': 'bytes',
36 verbose headers   date: 'Fri, 01 Apr 2016 21:45:22 GMT',
36 verbose headers   via: '1.1 varnish',
36 verbose headers   age: '0',
36 verbose headers   connection: 'keep-alive',
36 verbose headers   'x-served-by': 'cache-atl6223-ATL',
36 verbose headers   'x-cache': 'MISS',
36 verbose headers   'x-cache-hits': '0',
36 verbose headers   'x-timer': 'S1459547122.827156,VS0,VE35' }
37 silly get cb [ 404,
37 silly get   { 'content-type': 'application/json',
37 silly get     'cache-control': 'max-age=0',
37 silly get     'content-length': '2',
37 silly get     'accept-ranges': 'bytes',
37 silly get     date: 'Fri, 01 Apr 2016 21:45:22 GMT',
37 silly get     via: '1.1 varnish',
37 silly get     age: '0',
37 silly get     connection: 'keep-alive',
37 silly get     'x-served-by': 'cache-atl6223-ATL',
37 silly get     'x-cache': 'MISS',
37 silly get     'x-cache-hits': '0',
37 silly get     'x-timer': 'S1459547122.827156,VS0,VE35' } ]
38 silly fetchPackageMetaData Error: Registry returned 404 for GET on https://registry.npmjs.org/wallaby
38 silly fetchPackageMetaData     at makeError (C:\Program Files\nodejs\node_modules\npm\node_modules\npm-registry-client\lib\request.js:264:12)
38 silly fetchPackageMetaData     at CachingRegistryClient.<anonymous> (C:\Program Files\nodejs\node_modules\npm\node_modules\npm-registry-client\lib\request.js:242:14)
38 silly fetchPackageMetaData     at Request._callback (C:\Program Files\nodejs\node_modules\npm\node_modules\npm-registry-client\lib\request.js:172:14)
38 silly fetchPackageMetaData     at Request.self.callback (C:\Program Files\nodejs\node_modules\npm\node_modules\request\request.js:198:22)
38 silly fetchPackageMetaData     at emitTwo (events.js:100:13)
38 silly fetchPackageMetaData     at Request.emit (events.js:185:7)
38 silly fetchPackageMetaData     at Request.<anonymous> (C:\Program Files\nodejs\node_modules\npm\node_modules\request\request.js:1035:10)
38 silly fetchPackageMetaData     at emitOne (events.js:95:20)
38 silly fetchPackageMetaData     at Request.emit (events.js:182:7)
38 silly fetchPackageMetaData     at IncomingMessage.<anonymous> (C:\Program Files\nodejs\node_modules\npm\node_modules\request\request.js:962:12)
38 silly fetchPackageMetaData  error for wallaby { [Error: Registry returned 404 for GET on https://registry.npmjs.org/wallaby] pkgid: 'wallaby', statusCode: 404, code: 'E404' }
39 http 200 https://registry.npmjs.org/g
40 verbose headers { server: 'CouchDB/1.5.0 (Erlang OTP/R16B03)',
40 verbose headers   etag: '"8AYIUDSUHLGXZT7X52XKA2O0S"',
40 verbose headers   'content-type': 'application/json',
40 verbose headers   'cache-control': 'max-age=300',
40 verbose headers   'content-length': '6821',
40 verbose headers   'accept-ranges': 'bytes',
40 verbose headers   date: 'Fri, 01 Apr 2016 21:45:22 GMT',
40 verbose headers   via: '1.1 varnish',
40 verbose headers   age: '0',
40 verbose headers   connection: 'keep-alive',
40 verbose headers   'x-served-by': 'cache-atl6233-ATL',
40 verbose headers   'x-cache': 'MISS',
40 verbose headers   'x-cache-hits': '0',
40 verbose headers   'x-timer': 'S1459547122.832250,VS0,VE132',
40 verbose headers   vary: 'Accept' }
41 silly get cb [ 200,
41 silly get   { server: 'CouchDB/1.5.0 (Erlang OTP/R16B03)',
41 silly get     etag: '"8AYIUDSUHLGXZT7X52XKA2O0S"',
41 silly get     'content-type': 'application/json',
41 silly get     'cache-control': 'max-age=300',
41 silly get     'content-length': '6821',
41 silly get     'accept-ranges': 'bytes',
41 silly get     date: 'Fri, 01 Apr 2016 21:45:22 GMT',
41 silly get     via: '1.1 varnish',
41 silly get     age: '0',
41 silly get     connection: 'keep-alive',
41 silly get     'x-served-by': 'cache-atl6233-ATL',
41 silly get     'x-cache': 'MISS',
41 silly get     'x-cache-hits': '0',
41 silly get     'x-timer': 'S1459547122.832250,VS0,VE132',
41 silly get     vary: 'Accept' } ]
42 verbose get saving g to C:\Users\scoobydoo\AppData\Roaming\npm-cache\registry.npmjs.org\g\.cache.json
43 verbose correctMkdir C:\Users\scoobydoo\AppData\Roaming\npm-cache correctMkdir not in flight; initializing
44 silly rollbackFailedOptional Starting
45 silly rollbackFailedOptional Finishing
46 silly runTopLevelLifecycles Starting
47 silly runTopLevelLifecycles Finishing
48 silly install printInstalled
49 verbose stack Error: ENOENT: no such file or directory, open 'C:\Projects\chimichanga\-'
49 verbose stack     at Error (native)
50 verbose cwd C:\Projects\chimichanga
51 error Windows_NT 10.0.10586
52 error argv "C:\\Program Files\\nodejs\\node.exe" "C:\\Program Files\\nodejs\\node_modules\\npm\\bin\\npm-cli.js" "install" "-" "g" "wallaby"
53 error node v5.6.0
54 error npm  v3.6.0
55 error path C:\Projects\chimichanga\-
56 error code ENOENT
57 error errno -4058
58 error syscall open
59 error enoent ENOENT: no such file or directory, open 'C:\Projects\chimichanga\-'
60 error enoent ENOENT: no such file or directory, open 'C:\Projects\chimichanga\-'
60 error enoent This is most likely not a problem with npm itself
60 error enoent and is related to npm not being able to find a file.
61 verbose exit [ -4058, true ]
